<?xml version="1.0" encoding="UTF-8"?>
<!-- Generated by org.testng.reporters.JUnitReportReporter -->
<testsuite hostname="IN--1SP0BK3" failures="0" tests="1" name="Testcases.CheckOutTest" time="0.000" errors="0" timestamp="2023-04-18T13:20:35 IST" skipped="1">
  <testcase classname="Testcases.CheckOutTest" name="CheckOut" time="0.000">
    <skipped/>
  </testcase> <!-- CheckOut -->
  <system-out/>
</testsuite> <!-- Testcases.CheckOutTest -->
